
     //\(oo)/\\       //\(oo)/\\          //\(oo)/\\
2021-03-13 10:53:47 	 BOOT 	 Started Dockerized mini miner

     //\(oo)/\\       //\(oo)/\\          //\(oo)/\\
2021-03-13 10:53:47 	 BOOT 	 Started Dockerized mini miner

     //\(oo)/\\       //\(oo)/\\          //\(oo)/\\
2021-03-13 11:13:41 	 BOOT 	 Started Mobile mini miner

     //\(oo)/\\       //\(oo)/\\          //\(oo)/\\
2021-03-13 11:17:12 	 BOOT 	 Started Mobile mini miner

     //\(oo)/\\       //\(oo)/\\          //\(oo)/\\
2021-03-13 11:17:29 	 BOOT 	 Started Mobile mini miner

     //\(oo)/\\       //\(oo)/\\          //\(oo)/\\
2021-03-13 11:17:57 	 BOOT 	 Started Mobile mini miner

     //\(oo)/\\       //\(oo)/\\          //\(oo)/\\
2021-03-13 11:18:14 	 BOOT 	 Started Mobile mini miner

     //\(oo)/\\       //\(oo)/\\          //\(oo)/\\
2021-03-13 11:19:11 	 BOOT 	 Started Mobile mini miner

     //\(oo)/\\       //\(oo)/\\          //\(oo)/\\
2021-03-13 11:19:19 	 BOOT 	 Started Mobile mini miner

     //\(oo)/\\       //\(oo)/\\          //\(oo)/\\
2021-03-13 11:21:05 	 BOOT 	 Started Mobile mini miner

     //\(oo)/\\       //\(oo)/\\          //\(oo)/\\
2021-03-13 11:23:54 	 BOOT 	 Started Mobile mini miner

     //\(oo)/\\       //\(oo)/\\          //\(oo)/\\
2021-03-13 11:24:29 	 BOOT 	 Started Mobile mini miner

     //\(oo)/\\       //\(oo)/\\          //\(oo)/\\
2021-03-13 11:24:50 	 BOOT 	 Started Mobile mini miner

     //\(oo)/\\       //\(oo)/\\          //\(oo)/\\
2021-03-13 11:29:26 	 BOOT 	 Started Mobile mini miner
2021-03-13 11:29:43 	 STAT 	 Mining for Alicia426
2021-03-13 11:29:43 	 STAT 	 Using Lower Mining Difficulty: Yes
2021-03-13 11:29:44 	 STAT 	 Server is on version: 2.2
2021-03-13 11:29:51 	 STAT 	 Accepted share: 2441441 Difficulty: 30000
2021-03-13 11:29:55 	 STAT 	 Accepted share: 1742142 Difficulty: 30000
2021-03-13 11:29:57 	 STAT 	 Accepted share: 537295 Difficulty: 30000
2021-03-13 11:30:06 	 STAT 	 Accepted share: 2965468 Difficulty: 30000
2021-03-13 11:30:08 	 STAT 	 Accepted share: 962290 Difficulty: 30000
2021-03-13 11:30:14 	 STAT 	 Accepted share: 1977270 Difficulty: 30000
2021-03-13 11:30:16 	 STAT 	 Accepted share: 711098 Difficulty: 30000
2021-03-13 11:30:16 	 STAT 	 Accepted share: 110578 Difficulty: 30000
2021-03-13 11:30:21 	 STAT 	 Accepted share: 1295342 Difficulty: 30000
2021-03-13 11:30:30 	 STAT 	 Accepted share: 2976884 Difficulty: 30000
2021-03-13 11:30:32 	 STAT 	 Accepted share: 498915 Difficulty: 30000
2021-03-13 11:30:43 	 STAT 	 Accepted share: 2484799 Difficulty: 30000
2021-03-13 11:30:44 	 STAT 	 Accepted share: 200301 Difficulty: 30000
2021-03-13 11:30:46 	 STAT 	 Accepted share: 404288 Difficulty: 30000
2021-03-13 11:30:51 	 STAT 	 Accepted share: 1388922 Difficulty: 30000
2021-03-13 11:30:52 	 STAT 	 Accepted share: 14716 Difficulty: 30000
2021-03-13 11:30:57 	 STAT 	 Accepted share: 1662128 Difficulty: 30000
2021-03-13 11:31:00 	 STAT 	 Accepted share: 859431 Difficulty: 30000
2021-03-13 11:31:08 	 STAT 	 Accepted share: 2730715 Difficulty: 30000
2021-03-13 11:31:13 	 STAT 	 Accepted share: 1693406 Difficulty: 30000
2021-03-13 11:31:17 	 STAT 	 Accepted share: 1112242 Difficulty: 30000
2021-03-13 11:31:23 	 STAT 	 Accepted share: 1963669 Difficulty: 30000
2021-03-13 11:31:29 	 STAT 	 Accepted share: 1971984 Difficulty: 30000
2021-03-13 11:31:30 	 STAT 	 Accepted share: 63140 Difficulty: 30000
2021-03-13 11:31:35 	 STAT 	 Accepted share: 1880258 Difficulty: 30000

     //\(oo)/\\       //\(oo)/\\          //\(oo)/\\
2021-03-13 11:32:12 	 BOOT 	 Started Mobile mini miner
2021-03-13 11:32:20 	 STAT 	 Mining for Alicia426
2021-03-13 11:32:20 	 STAT 	 Using Lower Mining Difficulty: no
2021-03-13 11:32:21 	 STAT 	 Server is on version: 2.2
2021-03-13 11:32:30 	 STAT 	 Accepted share: 3150931 Difficulty: 68635
2021-03-13 11:32:37 	 STAT 	 Accepted share: 2104269 Difficulty: 68635

     //\(oo)/\\       //\(oo)/\\          //\(oo)/\\
2021-03-13 11:33:55 	 BOOT 	 Started Mobile mini miner
2021-03-13 11:34:03 	 STAT 	 Mining for Alicia426
2021-03-13 11:34:03 	 STAT 	 Using Lower Mining Difficulty: Yes
2021-03-13 11:34:03 	 STAT 	 Server is on version: 2.2
2021-03-13 11:34:09 	 STAT 	 Accepted share: 1809298 Difficulty: 30000
2021-03-13 11:34:15 	 STAT 	 Accepted share: 2374149 Difficulty: 30000
2021-03-13 11:34:17 	 STAT 	 Accepted share: 578250 Difficulty: 30000
2021-03-13 11:34:23 	 STAT 	 Accepted share: 2088102 Difficulty: 30000
2021-03-13 11:34:29 	 STAT 	 Accepted share: 1942327 Difficulty: 30000
2021-03-13 11:34:32 	 STAT 	 Accepted share: 779479 Difficulty: 30000
2021-03-13 11:34:32 	 STAT 	 Accepted share: 337 Difficulty: 30000
2021-03-13 11:34:44 	 STAT 	 Accepted share: 2919037 Difficulty: 30000
2021-03-13 11:34:49 	 STAT 	 Accepted share: 1037058 Difficulty: 30000
2021-03-13 11:34:59 	 STAT 	 Accepted share: 2970397 Difficulty: 30000
2021-03-13 11:35:00 	 STAT 	 Accepted share: 8345 Difficulty: 30000
2021-03-13 11:35:05 	 STAT 	 Accepted share: 1647201 Difficulty: 30000
2021-03-13 11:35:12 	 STAT 	 Accepted share: 1856600 Difficulty: 30000
2021-03-13 11:35:24 	 STAT 	 Accepted share: 2970830 Difficulty: 30000
2021-03-13 11:35:36 	 STAT 	 Accepted share: 2226115 Difficulty: 30000
2021-03-13 11:35:49 	 STAT 	 Accepted share: 2711831 Difficulty: 30000
2021-03-13 11:35:58 	 STAT 	 Accepted share: 2366709 Difficulty: 30000
2021-03-13 11:36:02 	 STAT 	 Accepted share: 900972 Difficulty: 30000
2021-03-13 11:36:04 	 STAT 	 Accepted share: 316346 Difficulty: 30000
2021-03-13 11:36:07 	 STAT 	 Accepted share: 985949 Difficulty: 30000
2021-03-13 11:36:10 	 STAT 	 Accepted share: 735666 Difficulty: 30000
2021-03-13 11:36:20 	 STAT 	 Accepted share: 1919569 Difficulty: 30000
2021-03-13 11:36:23 	 STAT 	 Accepted share: 704560 Difficulty: 30000
2021-03-13 11:36:28 	 STAT 	 Accepted share: 1230477 Difficulty: 30000
2021-03-13 11:36:30 	 STAT 	 Accepted share: 333678 Difficulty: 30000
2021-03-13 11:36:42 	 STAT 	 Accepted share: 2534861 Difficulty: 30000
2021-03-13 11:36:46 	 STAT 	 Accepted share: 708234 Difficulty: 30000
2021-03-13 11:36:57 	 STAT 	 Accepted share: 2584564 Difficulty: 30000
2021-03-13 11:37:08 	 STAT 	 Accepted share: 2596623 Difficulty: 30000
2021-03-13 11:37:14 	 STAT 	 Accepted share: 1484148 Difficulty: 30000
2021-03-13 11:37:18 	 STAT 	 Accepted share: 857435 Difficulty: 30000
2021-03-13 11:37:28 	 STAT 	 Accepted share: 2698573 Difficulty: 30000
2021-03-13 11:37:36 	 STAT 	 Accepted share: 2028350 Difficulty: 30000
2021-03-13 11:37:43 	 STAT 	 Accepted share: 2067336 Difficulty: 30000
2021-03-13 11:37:44 	 STAT 	 Accepted share: 30225 Difficulty: 30000
2021-03-13 11:37:50 	 STAT 	 Accepted share: 1756535 Difficulty: 30000
2021-03-13 11:37:57 	 STAT 	 Accepted share: 1617875 Difficulty: 30000
2021-03-13 11:37:57 	 STAT 	 Accepted share: 48760 Difficulty: 30000
2021-03-13 11:38:04 	 STAT 	 Accepted share: 1857994 Difficulty: 30000
2021-03-13 11:38:05 	 STAT 	 Accepted share: 228007 Difficulty: 30000
2021-03-13 11:38:11 	 STAT 	 Accepted share: 1484750 Difficulty: 30000
2021-03-13 11:38:19 	 STAT 	 Accepted share: 2001908 Difficulty: 30000
2021-03-13 11:38:29 	 STAT 	 Accepted share: 2113354 Difficulty: 30000
2021-03-13 11:38:38 	 STAT 	 Accepted share: 2144297 Difficulty: 30000
2021-03-13 11:38:41 	 STAT 	 Accepted share: 796072 Difficulty: 30000
2021-03-13 11:38:51 	 STAT 	 Accepted share: 2669340 Difficulty: 30000

     //\(oo)/\\       //\(oo)/\\          //\(oo)/\\
2021-03-13 11:40:54 	 BOOT 	 Started Mobile mini miner
2021-03-13 11:41:02 	 STAT 	 Mining for Alicia426
2021-03-13 11:41:02 	 STAT 	 Using Lower Mining Difficulty: yes
2021-03-13 11:41:03 	 STAT 	 Server is on version: 2.2
2021-03-13 11:41:07 	 STAT 	 Accepted share: 1208293 Difficulty: 30000

     //\(oo)/\\       //\(oo)/\\          //\(oo)/\\
2021-03-13 11:48:12 	 BOOT 	 Started Mobile mini miner
2021-03-13 11:48:22 	 STAT 	 Mining for Alicia426
2021-03-13 11:48:22 	 STAT 	 Using Lower Mining Difficulty: yeah
2021-03-13 11:48:23 	 STAT 	 Server is on version: 2.2
2021-03-13 11:48:29 	 STAT 	 Accepted share: 1986914 Difficulty: 30000
2021-03-13 11:48:36 	 STAT 	 Accepted share: 2977608 Difficulty: 30000
2021-03-13 11:48:40 	 STAT 	 Accepted share: 1463628 Difficulty: 30000
2021-03-13 11:48:46 	 STAT 	 Accepted share: 1929381 Difficulty: 30000
2021-03-13 11:48:51 	 STAT 	 Accepted share: 2147102 Difficulty: 30000
2021-03-13 11:48:59 	 STAT 	 Accepted share: 2865948 Difficulty: 30000
2021-03-13 11:49:02 	 STAT 	 Accepted share: 1027568 Difficulty: 30000
2021-03-13 11:49:10 	 STAT 	 Accepted share: 2906928 Difficulty: 30000
2021-03-13 11:49:12 	 STAT 	 Accepted share: 945862 Difficulty: 30000
2021-03-13 11:49:20 	 STAT 	 Accepted share: 2957744 Difficulty: 30000
2021-03-13 11:49:22 	 STAT 	 Accepted share: 630606 Difficulty: 30000
2021-03-13 11:49:29 	 STAT 	 Accepted share: 2587350 Difficulty: 30000
2021-03-13 11:49:31 	 STAT 	 Accepted share: 883361 Difficulty: 30000
2021-03-13 11:49:34 	 STAT 	 Accepted share: 681674 Difficulty: 30000
2021-03-13 11:49:39 	 STAT 	 Accepted share: 1588664 Difficulty: 30000
2021-03-13 11:49:41 	 STAT 	 Accepted share: 620130 Difficulty: 30000
2021-03-13 11:49:45 	 STAT 	 Accepted share: 1459004 Difficulty: 30000
2021-03-13 11:49:50 	 STAT 	 Accepted share: 1645336 Difficulty: 30000
2021-03-13 11:49:58 	 STAT 	 Accepted share: 2280154 Difficulty: 30000
2021-03-13 11:50:01 	 STAT 	 Accepted share: 865942 Difficulty: 30000
2021-03-13 11:50:06 	 STAT 	 Accepted share: 2037262 Difficulty: 30000
2021-03-13 11:50:12 	 STAT 	 Accepted share: 1943339 Difficulty: 30000
2021-03-13 11:50:15 	 STAT 	 Accepted share: 796024 Difficulty: 30000
2021-03-13 11:50:16 	 STAT 	 Accepted share: 325787 Difficulty: 30000
